<?xml version="1.0" encoding="UTF-8"?>
<!-- Generated by org.testng.reporters.JUnitXMLReporter -->
<testsuite ignored="0" hostname="LTIN699702" failures="0" tests="5" name="AlertAndPrivacyTests" time="50.603" errors="0" timestamp="2026-04-19T16:27:30 IST">
  <testcase classname="org.automation.testing.TC001_SignInAlertTest" name="testSignInAlert" time="0.919"/>
  <testcase classname="org.automation.testing.TC002_ForgotPasswordAlertTest" name="testForgotPasswordAlert" time="1.958"/>
  <testcase classname="org.automation.testing.TC003_PrivacyPolicyTest" name="testPrivacyPolicyPage" time="3.755"/>
  <testcase classname="org.automation.testing.TC004_MoneyFeedbackTest" name="validateFeedbackLinkInMoneyPage" time="3.891"/>
  <testcase classname="org.automation.testing.TC005_MoneySearchBoxTest" name="testMoneySearchBox" time="4.815"/>
</testsuite> <!-- AlertAndPrivacyTests -->
