<?xml version="1.0" encoding="UTF-8"?>
<!-- Generated by org.testng.reporters.JUnitXMLReporter -->
<testsuite ignored="0" hostname="LTIN699702" failures="1" tests="5" name="AlertAndPrivacyTests" time="72.044" errors="0" timestamp="2026-05-10T18:06:45 IST">
  <testcase classname="org.automation.testing.TC001_SignInAlertTest" name="testSignInAlert" time="0.919"/>
  <testcase classname="org.automation.testing.TC002_ForgotPasswordAlertTest" name="testForgotPasswordAlert" time="2.392"/>
  <testcase classname="org.automation.testing.TC003_PrivacyPolicyTest" name="testPrivacyPolicyPage" time="4.067"/>
  <testcase classname="org.automation.testing.TC004_MoneyFeedbackTest" name="validateFeedbackLinkInMoneyPage" time="3.391"/>
  <testcase classname="org.automation.testing.TC005_MoneySearchBoxTest" name="testMoneySearchBox" time="20.231">
    <failure type="org.openqa.selenium.TimeoutException" message="Expected condition failed: waiting for title to contain &amp;quot;TATA&amp;quot;. Current title: &amp;quot;Tata Consult. Serv. Share Price Live NSE BSE – Tata Consultancy Services Ltd. Stock | Rediff Money&amp;quot;.
(tried for 15 seconds with 500 milliseconds interval)
Build info: version: &amp;apos;4.41.0&amp;apos;, revision: &amp;apos;9fc754f&amp;apos;
System info: os.name: &amp;apos;Windows 11&amp;apos;, os.arch: &amp;apos;amd64&amp;apos;, os.version: &amp;apos;10.0&amp;apos;, java.version: &amp;apos;21&amp;apos;
Driver info: org.openqa.selenium.chrome.ChromeDriver
Capabilities {acceptInsecureCerts: false, browserName: chrome, browserVersion: 146.0.7680.178, chrome: {chromedriverVersion: 146.0.7680.165 (4b989da09e1..., userDataDir: C:\Users\2481726\AppData\Lo...}, fedcm:accounts: true, goog:chromeOptions: {debuggerAddress: localhost:58085}, goog:processID: 18328, networkConnectionEnabled: false, pageLoadStrategy: normal, platformName: windows, proxy: Proxy(), se:cdp: ws://localhost:58085/devtoo..., se:cdpVersion: 146.0.7680.178, setWindowRect: true, strictFileInteractability: false, timeouts: {implicit: 0, pageLoad: 300000, script: 30000}, unhandledPromptBehavior: dismiss and notify, webauthn:extension:credBlob: true, webauthn:extension:largeBlob: true, webauthn:extension:minPinLength: true, webauthn:extension:prf: true, webauthn:virtualAuthenticators: true}
Session ID: 73ffff080c1bcda186428afda3240657">
      <![CDATA[org.openqa.selenium.TimeoutException: Expected condition failed: waiting for title to contain "TATA". Current title: "Tata Consult. Serv. Share Price Live NSE BSE – Tata Consultancy Services Ltd. Stock | Rediff Money".
(tried for 15 seconds with 500 milliseconds interval)
Build info: version: '4.41.0', revision: '9fc754f'
System info: os.name: 'Windows 11', os.arch: 'amd64', os.version: '10.0', java.version: '21'
Driver info: org.openqa.selenium.chrome.ChromeDriver
Capabilities {acceptInsecureCerts: false, browserName: chrome, browserVersion: 146.0.7680.178, chrome: {chromedriverVersion: 146.0.7680.165 (4b989da09e1..., userDataDir: C:\Users\2481726\AppData\Lo...}, fedcm:accounts: true, goog:chromeOptions: {debuggerAddress: localhost:58085}, goog:processID: 18328, networkConnectionEnabled: false, pageLoadStrategy: normal, platformName: windows, proxy: Proxy(), se:cdp: ws://localhost:58085/devtoo..., se:cdpVersion: 146.0.7680.178, setWindowRect: true, strictFileInteractability: false, timeouts: {implicit: 0, pageLoad: 300000, script: 30000}, unhandledPromptBehavior: dismiss and notify, webauthn:extension:credBlob: true, webauthn:extension:largeBlob: true, webauthn:extension:minPinLength: true, webauthn:extension:prf: true, webauthn:virtualAuthenticators: true}
Session ID: 73ffff080c1bcda186428afda3240657
at org.openqa.selenium.support.ui.WebDriverWait.timeoutException(WebDriverWait.java:85)
at org.openqa.selenium.support.ui.FluentWait.until(FluentWait.java:233)
at org.automation.testing.TC005_MoneySearchBoxTest.testMoneySearchBox(TC005_MoneySearchBoxTest.java:49)
at java.base/java.util.ArrayList.forEach(ArrayList.java:1596)
at com.intellij.rt.testng.IDEARemoteTestNG.run(IDEARemoteTestNG.java:65)
at com.intellij.rt.testng.RemoteTestNGStarter.main(RemoteTestNGStarter.java:105)
... Removed 22 stack frames]]>
    </failure>
  </testcase> <!-- testMoneySearchBox -->
</testsuite> <!-- AlertAndPrivacyTests -->
