<?xml version="1.0" encoding="UTF-8"?>
<testng-results ignored="0" total="5" passed="5" failed="0" skipped="0">
  <reporter-output>
  </reporter-output>
  <suite started-at="2026-04-19T16:26:39 IST" name="AutomationSuite" finished-at="2026-04-19T16:27:30 IST" duration-ms="50603">
    <groups>
    </groups>
    <test started-at="2026-04-19T16:26:39 IST" name="AlertAndPrivacyTests" finished-at="2026-04-19T16:27:30 IST" duration-ms="50603">
      <class name="org.automation.testing.TC002_ForgotPasswordAlertTest">
        <test-method is-config="true" signature="setUp()[pri:0, instance:org.automation.testing.TC002_ForgotPasswordAlertTest@55141def]" started-at="2026-04-19T16:26:47 IST" name="setUp" finished-at="2026-04-19T16:26:52 IST" duration-ms="4194" status="PASS">
          <reporter-output>
          </reporter-output>
        </test-method> <!-- setUp -->
        <test-method signature="testForgotPasswordAlert()[pri:0, instance:org.automation.testing.TC002_ForgotPasswordAlertTest@55141def]" started-at="2026-04-19T16:26:52 IST" name="testForgotPasswordAlert" finished-at="2026-04-19T16:26:54 IST" duration-ms="1958" status="PASS">
          <reporter-output>
          </reporter-output>
        </test-method> <!-- testForgotPasswordAlert -->
        <test-method is-config="true" signature="tearDown()[pri:0, instance:org.automation.testing.TC002_ForgotPasswordAlertTest@55141def]" started-at="2026-04-19T16:26:54 IST" name="tearDown" finished-at="2026-04-19T16:26:56 IST" duration-ms="2397" status="PASS">
          <reporter-output>
          </reporter-output>
        </test-method> <!-- tearDown -->
      </class> <!-- org.automation.testing.TC002_ForgotPasswordAlertTest -->
      <class name="org.automation.testing.TC001_SignInAlertTest">
        <test-method is-config="true" signature="setUp()[pri:0, instance:org.automation.testing.TC001_SignInAlertTest@6d763516]" started-at="2026-04-19T16:26:39 IST" name="setUp" finished-at="2026-04-19T16:26:44 IST" duration-ms="5003" status="PASS">
          <reporter-output>
          </reporter-output>
        </test-method> <!-- setUp -->
        <test-method signature="testSignInAlert()[pri:0, instance:org.automation.testing.TC001_SignInAlertTest@6d763516]" started-at="2026-04-19T16:26:44 IST" name="testSignInAlert" finished-at="2026-04-19T16:26:45 IST" duration-ms="919" status="PASS">
          <reporter-output>
          </reporter-output>
        </test-method> <!-- testSignInAlert -->
        <test-method is-config="true" signature="tearDown()[pri:0, instance:org.automation.testing.TC001_SignInAlertTest@6d763516]" started-at="2026-04-19T16:26:45 IST" name="tearDown" finished-at="2026-04-19T16:26:47 IST" duration-ms="2351" status="PASS">
          <reporter-output>
          </reporter-output>
        </test-method> <!-- tearDown -->
      </class> <!-- org.automation.testing.TC001_SignInAlertTest -->
      <class name="org.automation.testing.TC005_MoneySearchBoxTest">
        <test-method is-config="true" signature="setUp()[pri:0, instance:org.automation.testing.TC005_MoneySearchBoxTest@62379589]" started-at="2026-04-19T16:27:18 IST" name="setUp" finished-at="2026-04-19T16:27:22 IST" duration-ms="4343" status="PASS">
          <reporter-output>
          </reporter-output>
        </test-method> <!-- setUp -->
        <test-method signature="testMoneySearchBox()[pri:0, instance:org.automation.testing.TC005_MoneySearchBoxTest@62379589]" started-at="2026-04-19T16:27:22 IST" name="testMoneySearchBox" finished-at="2026-04-19T16:27:27 IST" duration-ms="4815" status="PASS">
          <reporter-output>
          </reporter-output>
        </test-method> <!-- testMoneySearchBox -->
        <test-method is-config="true" signature="tearDown()[pri:0, instance:org.automation.testing.TC005_MoneySearchBoxTest@62379589]" started-at="2026-04-19T16:27:27 IST" name="tearDown" finished-at="2026-04-19T16:27:30 IST" duration-ms="2794" status="PASS">
          <reporter-output>
          </reporter-output>
        </test-method> <!-- tearDown -->
      </class> <!-- org.automation.testing.TC005_MoneySearchBoxTest -->
      <class name="org.automation.testing.TC004_MoneyFeedbackTest">
        <test-method is-config="true" signature="setUp()[pri:0, instance:org.automation.testing.TC004_MoneyFeedbackTest@74235045]" started-at="2026-04-19T16:27:07 IST" name="setUp" finished-at="2026-04-19T16:27:11 IST" duration-ms="4353" status="PASS">
          <reporter-output>
          </reporter-output>
        </test-method> <!-- setUp -->
        <test-method signature="validateFeedbackLinkInMoneyPage()[pri:0, instance:org.automation.testing.TC004_MoneyFeedbackTest@74235045]" started-at="2026-04-19T16:27:11 IST" name="validateFeedbackLinkInMoneyPage" finished-at="2026-04-19T16:27:15 IST" duration-ms="3891" status="PASS">
          <reporter-output>
          </reporter-output>
        </test-method> <!-- validateFeedbackLinkInMoneyPage -->
        <test-method is-config="true" signature="tearDown()[pri:0, instance:org.automation.testing.TC004_MoneyFeedbackTest@74235045]" started-at="2026-04-19T16:27:15 IST" name="tearDown" finished-at="2026-04-19T16:27:18 IST" duration-ms="2556" status="PASS">
          <reporter-output>
          </reporter-output>
        </test-method> <!-- tearDown -->
      </class> <!-- org.automation.testing.TC004_MoneyFeedbackTest -->
      <class name="org.automation.testing.TC003_PrivacyPolicyTest">
        <test-method is-config="true" signature="setUp()[pri:0, instance:org.automation.testing.TC003_PrivacyPolicyTest@59474f18]" started-at="2026-04-19T16:26:56 IST" name="setUp" finished-at="2026-04-19T16:27:00 IST" duration-ms="4277" status="PASS">
          <reporter-output>
          </reporter-output>
        </test-method> <!-- setUp -->
        <test-method signature="testPrivacyPolicyPage()[pri:0, instance:org.automation.testing.TC003_PrivacyPolicyTest@59474f18]" started-at="2026-04-19T16:27:00 IST" name="testPrivacyPolicyPage" finished-at="2026-04-19T16:27:04 IST" duration-ms="3755" status="PASS">
          <reporter-output>
          </reporter-output>
        </test-method> <!-- testPrivacyPolicyPage -->
        <test-method is-config="true" signature="tearDown()[pri:0, instance:org.automation.testing.TC003_PrivacyPolicyTest@59474f18]" started-at="2026-04-19T16:27:04 IST" name="tearDown" finished-at="2026-04-19T16:27:07 IST" duration-ms="2941" status="PASS">
          <reporter-output>
          </reporter-output>
        </test-method> <!-- tearDown -->
      </class> <!-- org.automation.testing.TC003_PrivacyPolicyTest -->
    </test> <!-- AlertAndPrivacyTests -->
  </suite> <!-- AutomationSuite -->
</testng-results>
